[2017-10-01 16:39:49] my_logger.INFO: Something interesting happened [] []
[2017-10-01 17:09:30] my_logger.INFO: Order logger [] []
[2017-10-01 17:23:14] my_logger.INFO: OrderClass: /order - Pozadavek na objednavku [] []
[2017-10-01 17:23:14] my_logger.INFO: OrderClass: /order - Objednavka byla ulozena na lokalni disk [] []
[2017-10-01 18:09:52] my_logger.INFO: OrderClass: /order - Pozadavek na objednavku [] []
[2017-10-01 18:09:52] my_logger.INFO: OrderClass: /order - Objednavka byla ulozena na lokalni disk [] []
[2017-10-01 19:55:06] my_logger.INFO: OrderClass: /order - Pozadavek na objednavku [] []
[2017-10-01 19:55:06] my_logger.INFO: OrderClass: /order - Objednavka byla ulozena na lokalni disk [] []
[2017-10-01 19:55:07] my_logger.INFO: OrderClass: /order - Pozadavek na objednavku [] []
[2017-10-01 19:55:07] my_logger.INFO: OrderClass: /order - Objednavka byla ulozena na lokalni disk [] []
[2017-10-01 19:55:07] my_logger.INFO: OrderClass: /order - Pozadavek na objednavku [] []
[2017-10-01 19:55:07] my_logger.INFO: OrderClass: /order - Objednavka byla ulozena na lokalni disk [] []
[2017-10-01 19:57:01] my_logger.INFO: OrderClass: /order - Pozadavek na objednavku [] []
[2017-10-01 19:57:01] my_logger.INFO: OrderClass: /order - Objednavka byla ulozena na lokalni disk [] []
[2017-10-01 19:58:03] my_logger.INFO: OrderClass: /order - Pozadavek na objednavku [] []
[2017-10-01 19:58:03] my_logger.INFO: OrderClass: /order - Objednavka byla ulozena na lokalni disk [] []
[2017-10-01 20:00:03] my_logger.INFO: OrderClass: /order - Pozadavek na objednavku [] []
[2017-10-01 20:00:03] my_logger.INFO: OrderClass: /order - Objednavka byla ulozena na lokalni disk [] []
[2017-10-01 20:00:19] my_logger.INFO: OrderClass: /order - Pozadavek na objednavku [] []
[2017-10-01 20:00:49] my_logger.INFO: OrderClass: /order - Pozadavek na objednavku [] []
[2017-10-01 20:02:46] my_logger.INFO: OrderClass: /order - Pozadavek na objednavku [] []
[2017-10-01 20:04:58] my_logger.INFO: OrderClass: /order - Pozadavek na objednavku [] []
[2017-10-01 20:10:28] my_logger.INFO: OrderClass: /order - Pozadavek na objednavku [] []
[2017-10-01 20:10:28] my_logger.INFO: OrderClass: /order - Objednavka byla ulozena na lokalni disk [] []
[2017-10-01 20:13:42] my_logger.INFO: OrderClass: /order - Pozadavek na objednavku [] []
[2017-10-01 20:13:42] my_logger.INFO: OrderClass: /order - Objednavka byla ulozena na lokalni disk [] []
[2017-10-01 20:28:25] my_logger.INFO: OrderClass: /order - Pozadavek na objednavku [] []
[2017-10-01 20:28:25] my_logger.INFO: OrderClass: /order - Objednavka byla ulozena na lokalni disk [] []
[2017-10-01 20:28:29] my_logger.INFO: OrderClass: /order - Pozadavek na objednavku [] []
[2017-10-01 20:28:29] my_logger.INFO: OrderClass: /order - Objednavka byla ulozena na lokalni disk [] []
[2017-10-01 20:28:37] my_logger.INFO: OrderClass: /order - Pozadavek na objednavku [] []
[2017-10-01 20:28:37] my_logger.INFO: OrderClass: /order - Objednavka byla ulozena na lokalni disk [] []
[2017-10-01 20:29:07] my_logger.INFO: OrderClass: /order - Pozadavek na objednavku [] []
[2017-10-01 20:29:07] my_logger.INFO: OrderClass: /order - Objednavka byla ulozena na lokalni disk [] []
[2017-10-01 20:29:19] my_logger.INFO: OrderClass: /order - Pozadavek na objednavku [] []
[2017-10-01 20:29:19] my_logger.INFO: OrderClass: /order - Objednavka byla ulozena na lokalni disk [] []
[2017-10-01 20:29:29] my_logger.INFO: OrderClass: /order - Pozadavek na objednavku [] []
[2017-10-01 20:29:29] my_logger.INFO: OrderClass: /order - Objednavka byla ulozena na lokalni disk [] []
[2017-10-01 20:38:52] my_logger.INFO: OrderClass: /order - Pozadavek na objednavku [] []
[2017-10-01 20:38:52] my_logger.INFO: OrderClass: /order - Objednavka byla ulozena na lokalni disk [] []
[2017-10-01 20:38:53] my_logger.INFO: OrderClass: /order - Pozadavek na objednavku [] []
[2017-10-01 20:38:53] my_logger.INFO: OrderClass: /order - Objednavka byla ulozena na lokalni disk [] []
[2017-10-01 20:38:54] my_logger.INFO: OrderClass: /order - Pozadavek na objednavku [] []
[2017-10-01 20:38:54] my_logger.INFO: OrderClass: /order - Objednavka byla ulozena na lokalni disk [] []
[2017-10-01 20:38:55] my_logger.INFO: OrderClass: /order - Pozadavek na objednavku [] []
[2017-10-01 20:38:55] my_logger.INFO: OrderClass: /order - Objednavka byla ulozena na lokalni disk [] []
[2017-10-01 20:38:55] my_logger.INFO: OrderClass: /order - Pozadavek na objednavku [] []
[2017-10-01 20:38:55] my_logger.INFO: OrderClass: /order - Objednavka byla ulozena na lokalni disk [] []
[2017-10-01 20:39:04] my_logger.INFO: OrderClass: /order - Pozadavek na objednavku [] []
[2017-10-01 20:39:04] my_logger.INFO: OrderClass: /order - Objednavka byla ulozena na lokalni disk [] []
[2017-10-01 20:39:04] my_logger.INFO: OrderClass: /order - Pozadavek na objednavku [] []
[2017-10-01 20:39:04] my_logger.INFO: OrderClass: /order - Objednavka byla ulozena na lokalni disk [] []
[2017-10-01 20:39:05] my_logger.INFO: OrderClass: /order - Pozadavek na objednavku [] []
[2017-10-01 20:39:05] my_logger.INFO: OrderClass: /order - Objednavka byla ulozena na lokalni disk [] []
[2017-10-01 20:39:06] my_logger.INFO: OrderClass: /order - Pozadavek na objednavku [] []
[2017-10-01 20:39:06] my_logger.INFO: OrderClass: /order - Objednavka byla ulozena na lokalni disk [] []
[2017-10-01 20:39:06] my_logger.INFO: OrderClass: /order - Pozadavek na objednavku [] []
[2017-10-01 20:39:06] my_logger.INFO: OrderClass: /order - Objednavka byla ulozena na lokalni disk [] []
[2017-10-01 20:39:26] my_logger.INFO: OrderClass: /order - Pozadavek na objednavku [] []
[2017-10-01 20:39:26] my_logger.INFO: OrderClass: /order - Objednavka byla ulozena na lokalni disk [] []
[2017-10-01 20:39:26] my_logger.INFO: OrderClass: /order - Pozadavek na objednavku [] []
[2017-10-01 20:39:26] my_logger.INFO: OrderClass: /order - Objednavka byla ulozena na lokalni disk [] []
[2017-10-01 20:39:26] my_logger.INFO: OrderClass: /order - Pozadavek na objednavku [] []
[2017-10-01 20:39:26] my_logger.INFO: OrderClass: /order - Objednavka byla ulozena na lokalni disk [] []
[2017-10-01 20:39:26] my_logger.INFO: OrderClass: /order - Pozadavek na objednavku [] []
[2017-10-01 20:39:26] my_logger.INFO: OrderClass: /order - Objednavka byla ulozena na lokalni disk [] []
[2017-10-01 20:39:27] my_logger.INFO: OrderClass: /order - Pozadavek na objednavku [] []
[2017-10-01 20:39:27] my_logger.INFO: OrderClass: /order - Objednavka byla ulozena na lokalni disk [] []
[2017-10-01 20:39:27] my_logger.INFO: OrderClass: /order - Pozadavek na objednavku [] []
[2017-10-01 20:39:27] my_logger.INFO: OrderClass: /order - Objednavka byla ulozena na lokalni disk [] []
[2017-10-01 20:39:27] my_logger.INFO: OrderClass: /order - Pozadavek na objednavku [] []
[2017-10-01 20:39:27] my_logger.INFO: OrderClass: /order - Objednavka byla ulozena na lokalni disk [] []
[2017-10-01 20:39:27] my_logger.INFO: OrderClass: /order - Pozadavek na objednavku [] []
[2017-10-01 20:39:27] my_logger.INFO: OrderClass: /order - Objednavka byla ulozena na lokalni disk [] []
[2017-10-01 20:39:28] my_logger.INFO: OrderClass: /order - Pozadavek na objednavku [] []
[2017-10-01 20:39:28] my_logger.INFO: OrderClass: /order - Objednavka byla ulozena na lokalni disk [] []
[2017-10-01 20:39:29] my_logger.INFO: OrderClass: /order - Pozadavek na objednavku [] []
[2017-10-01 20:39:29] my_logger.INFO: OrderClass: /order - Objednavka byla ulozena na lokalni disk [] []
[2017-10-01 20:39:29] my_logger.INFO: OrderClass: /order - Pozadavek na objednavku [] []
[2017-10-01 20:39:29] my_logger.INFO: OrderClass: /order - Objednavka byla ulozena na lokalni disk [] []
[2017-10-01 20:39:30] my_logger.INFO: OrderClass: /order - Pozadavek na objednavku [] []
[2017-10-01 20:39:30] my_logger.INFO: OrderClass: /order - Objednavka byla ulozena na lokalni disk [] []
[2017-10-01 21:00:35] my_logger.INFO: OrderClass: /order - Pozadavek na objednavku [] []
[2017-10-01 21:00:35] my_logger.INFO: OrderClass: /order - ObjednavkaOP00000013 byla ulozena na lokalni disk [] []
[2017-10-01 21:02:45] my_logger.INFO: OrderClass: /order - Pozadavek na objednavku [] []
[2017-10-01 21:02:45] my_logger.INFO: OrderClass: /order - ObjednavkaOP00000014 byla ulozena na lokalni disk [] []
[2017-10-01 21:03:00] my_logger.INFO: OrderClass: /order - Pozadavek na objednavku [] []
[2017-10-01 21:03:00] my_logger.INFO: OrderClass: /order - ObjednavkaOP00000015 byla ulozena na lokalni disk [] []
[2017-10-01 21:03:30] my_logger.INFO: OrderClass: /order - Pozadavek na objednavku [] []
[2017-10-01 21:03:30] my_logger.INFO: OrderClass: /order - ObjednavkaOP00000016 byla ulozena na lokalni disk [] []
[2017-10-01 21:05:15] my_logger.INFO: OrderClass: /order - Pozadavek na objednavku [] []
[2017-10-01 21:05:15] my_logger.INFO: OrderClass: /order - ObjednavkaOP00000017 byla ulozena na lokalni disk [] []
[2017-10-01 21:11:47] my_logger.INFO: OrderClass: /order - Pozadavek na objednavku [] []
[2017-10-01 21:11:47] my_logger.INFO: OrderClass: /order - ObjednavkaOP00000018 byla ulozena na lokalni disk [] []
[2017-10-01 21:11:56] my_logger.INFO: OrderClass: /order - Pozadavek na objednavku [] []
[2017-10-02 07:38:41] my_logger.INFO: OrderClass: /order - Pozadavek na objednavku [] []
[2017-10-02 07:40:10] my_logger.INFO: OrderClass: /order - Pozadavek na objednavku [] []
[2017-10-02 07:40:10] my_logger.INFO: OrderClass: /order - ObjednavkaOP00000018 byla ulozena na lokalni disk [] []
[2017-10-02 20:18:28] my_logger.INFO: OrderClass: /order - Pozadavek na objednavku [] []
[2017-10-02 20:18:28] my_logger.INFO: OrderClass: /order - ObjednavkaOP00000018 byla ulozena na lokalni disk [] []
[2017-10-03 08:46:42] my_logger.INFO: OrderClass: /order - Pozadavek na objednavku [] []
[2017-10-03 08:46:43] my_logger.INFO: OrderClass: /order - ObjednavkaOP00000018 byla ulozena na lokalni disk [] []
[2017-10-03 21:34:47] my_logger.INFO: OrderClass: /order - Pozadavek na objednavku [] []
[2017-10-03 21:34:47] my_logger.INFO: OrderClass: /order - ObjednavkaOP00000018 byla ulozena na lokalni disk [] []
[2017-10-03 21:36:19] my_logger.INFO: OrderClass: /order - Pozadavek na objednavku [] []
[2017-10-03 21:36:19] my_logger.INFO: OrderClass: /order - ObjednavkaOP00000018 byla ulozena na lokalni disk [] []
[2017-10-03 21:37:37] my_logger.INFO: OrderClass: /order - Pozadavek na objednavku [] []
[2017-10-03 21:37:37] my_logger.INFO: OrderClass: /order - ObjednavkaOP00000018 byla ulozena na lokalni disk [] []
[2017-10-03 21:39:06] my_logger.INFO: OrderClass: /order - Pozadavek na objednavku [] []
[2017-10-03 21:39:06] my_logger.INFO: OrderClass: /order - ObjednavkaOP00000018 byla ulozena na lokalni disk [] []
[2017-10-03 21:39:33] my_logger.INFO: OrderClass: /order - Pozadavek na objednavku [] []
[2017-10-03 21:39:33] my_logger.INFO: OrderClass: /order - ObjednavkaOP00000018 byla ulozena na lokalni disk [] []
[2017-10-04 20:55:44] my_logger.INFO: OrderClass: /order - Pozadavek na objednavku [] []
[2017-10-04 20:55:44] my_logger.INFO: OrderClass: /order - ObjednavkaOP00000018 byla ulozena na lokalni disk [] []
[2017-10-04 20:56:05] my_logger.INFO: OrderClass: /order - Pozadavek na objednavku [] []
[2017-10-04 20:56:05] my_logger.INFO: OrderClass: /order - ObjednavkaOP00000018 byla ulozena na lokalni disk [] []
[2017-10-04 20:56:48] my_logger.INFO: OrderClass: /order - Pozadavek na objednavku [] []
[2017-10-04 20:56:48] my_logger.INFO: OrderClass: /order - ObjednavkaOP00000018 byla ulozena na lokalni disk [] []
[2017-10-04 20:57:23] my_logger.INFO: OrderClass: /order - Pozadavek na objednavku [] []
[2017-10-04 20:57:23] my_logger.INFO: OrderClass: /order - ObjednavkaOP00000018 byla ulozena na lokalni disk [] []
[2017-10-04 20:57:52] my_logger.INFO: OrderClass: /order - Pozadavek na objednavku [] []
[2017-10-04 20:57:52] my_logger.INFO: OrderClass: /order - ObjednavkaOP00000018 byla ulozena na lokalni disk [] []
[2017-10-04 20:59:06] my_logger.INFO: OrderClass: /order - Pozadavek na objednavku [] []
[2017-10-04 20:59:06] my_logger.INFO: OrderClass: /order - ObjednavkaOP00000018 byla ulozena na lokalni disk [] []
[2017-10-13 21:25:57] my_logger.INFO: OrderController: /order - Pozadavek na objednavku [] []
[2017-10-13 21:28:20] my_logger.INFO: OrderController: /order - Pozadavek na objednavku [] []
[2017-10-13 21:30:32] my_logger.INFO: OrderController: /order - Pozadavek na objednavku [] []
[2017-10-13 21:31:09] my_logger.INFO: OrderController: /order - Pozadavek na objednavku [] []
[2017-10-13 21:32:12] my_logger.INFO: OrderController: /order - Pozadavek na objednavku [] []
[2017-10-13 21:32:33] my_logger.INFO: OrderController: /order - Pozadavek na objednavku [] []
[2017-10-13 22:35:22] my_logger.INFO: OrderController: /order - Pozadavek na objednavku [] []
[2017-10-13 22:45:43] my_logger.INFO: OrderController: /order - Pozadavek na objednavku [] []
[2017-10-13 22:48:19] my_logger.INFO: OrderController: /order - Pozadavek na objednavku [] []
[2017-10-13 22:49:14] my_logger.INFO: OrderController: /order - Pozadavek na objednavku [] []
[2017-10-13 22:50:36] my_logger.INFO: OrderController: /order - Pozadavek na objednavku [] []
[2017-10-13 22:51:35] my_logger.INFO: OrderController: /order - Pozadavek na objednavku [] []
[2017-10-13 22:52:23] my_logger.INFO: OrderController: /order - Pozadavek na objednavku [] []
[2017-10-13 23:20:20] my_logger.INFO: OrderController: /order - Pozadavek na objednavku [] []
[2017-10-13 23:20:43] my_logger.INFO: OrderController: /order - Pozadavek na objednavku [] []
[2017-10-13 23:21:27] my_logger.INFO: OrderController: /order - Pozadavek na objednavku [] []
[2017-10-13 23:23:30] my_logger.INFO: OrderController: /order - Pozadavek na objednavku [] []
[2017-10-13 23:23:30] my_logger.INFO: OrderClass: /order - ObjednavkaOP byla ulozena na lokalni disk [] []
[2017-10-13 23:24:12] my_logger.INFO: OrderController: /order - Pozadavek na objednavku [] []
[2017-10-13 23:24:12] my_logger.INFO: OrderClass: /order - ObjednavkaOP byla ulozena na lokalni disk [] []
[2017-10-13 23:24:49] my_logger.INFO: OrderController: /order - Pozadavek na objednavku [] []
[2017-10-13 23:24:49] my_logger.INFO: OrderClass: /order - Objednavka/OP byla ulozena na lokalni disk [] []
[2017-10-15 09:26:03] my_logger.INFO: OrderController: /order - Pozadavek na objednavku [] []
[2017-10-15 09:26:03] my_logger.INFO: OrderClass: /order - Objednavka/OP byla ulozena na lokalni disk [] []
[2017-10-15 09:48:37] my_logger.INFO: OrderController: /order - Pozadavek na objednavku [] []
[2017-10-15 09:48:37] my_logger.INFO: OrderClass: /order - Objednavka/OP00000000 byla ulozena na lokalni disk [] []
[2017-10-15 09:48:49] my_logger.INFO: OrderController: /order - Pozadavek na objednavku [] []
[2017-10-15 09:48:49] my_logger.INFO: OrderClass: /order - Objednavka/OP00000000 byla ulozena na lokalni disk [] []
[2017-10-15 09:50:41] my_logger.INFO: OrderController: /order - Pozadavek na objednavku [] []
[2017-10-15 09:50:41] my_logger.INFO: OrderClass: /order - Objednavka/OP00000000 byla ulozena na lokalni disk [] []
[2017-10-15 09:50:47] my_logger.INFO: OrderController: /order - Pozadavek na objednavku [] []
[2017-10-15 09:50:47] my_logger.INFO: OrderClass: /order - Objednavka/OP00000000 byla ulozena na lokalni disk [] []
[2017-10-28 15:29:20] my_logger.INFO: Something interesting happened [] []
[2017-10-28 15:36:01] my_logger.INFO: Something interesting happened [] []
[2017-10-28 15:38:25] my_logger.INFO: Something interesting happened [] []
[2017-10-28 16:03:04] my_logger.INFO: OrderController: /order - Pozadavek na objednavku [] []
[2017-10-28 16:03:18] my_logger.INFO: OrderController: /order - Pozadavek na objednavku [] []
[2017-10-28 16:07:41] my_logger.INFO: OrderController: /order - Pozadavek na objednavku [] []
[2017-10-28 16:07:41] my_logger.INFO: OrderClass: /order - Objednavka00000023 byla ulozena na lokalni disk [] []
[2017-10-28 16:08:59] my_logger.INFO: OrderController: /order - Pozadavek na objednavku [] []
[2017-10-28 16:08:59] my_logger.INFO: OrderClass: /order - Objednavka00000023 byla ulozena na lokalni disk [] []
[2017-10-28 16:08:59] my_logger.INFO: OrderClass: /order - Objednavka000001 byla ulozena na lokalni disk [] []
[2017-10-28 16:13:01] my_logger.INFO: OrderController: /order - Pozadavek na objednavku [] []
[2017-10-28 16:13:01] my_logger.INFO: OrderClass: /order - Objednavka00000024 byla ulozena na lokalni disk [] []
[2017-10-28 16:13:01] my_logger.INFO: OrderClass: /order - Objednavka00000002 byla ulozena na lokalni disk [] []
[2017-10-28 16:14:18] my_logger.INFO: OrderController: /order - Pozadavek na objednavku [] []
[2017-10-28 16:14:18] my_logger.INFO: OrderClass: /order - Objednavka00000025 byla ulozena na lokalni disk [] []
[2017-10-28 16:14:18] my_logger.INFO: OrderClass: /order - Objednavka00000003 byla ulozena na lokalni disk [] []
[2017-10-28 16:18:17] my_logger.INFO: OrderController: /order - Pozadavek na objednavku [] []
[2017-10-28 16:18:32] my_logger.INFO: OrderController: /order - Pozadavek na objednavku [] []
[2017-10-28 16:19:02] my_logger.INFO: OrderController: /order - Pozadavek na objednavku [] []
[2017-10-28 16:19:38] my_logger.INFO: OrderController: /order - Pozadavek na objednavku [] []
[2017-10-28 16:26:16] my_logger.INFO: OrderController: /order - Pozadavek na objednavku [] []
[2017-10-28 16:27:54] my_logger.INFO: OrderController: /order - Pozadavek na objednavku [] []
[2017-10-28 16:30:01] my_logger.INFO: OrderController: /order - Pozadavek na objednavku [] []
[2017-10-28 16:32:01] my_logger.INFO: OrderController: /order - Pozadavek na objednavku [] []
[2017-10-28 16:33:42] my_logger.INFO: OrderController: /order - Pozadavek na objednavku [] []
[2017-10-28 16:46:17] my_logger.INFO: OrderController: /order - Pozadavek na objednavku [] []
[2017-10-28 16:47:43] my_logger.INFO: OrderController: /order - Pozadavek na objednavku [] []
[2017-10-28 17:30:22] my_logger.INFO: OrderController: /order - Pozadavek na objednavku [] []
[2017-10-28 17:31:15] my_logger.INFO: OrderController: /order - Pozadavek na objednavku [] []
[2017-10-28 17:33:31] my_logger.INFO: OrderController: /order - Pozadavek na objednavku [] []
[2017-10-28 17:34:14] my_logger.INFO: OrderController: /order - Pozadavek na objednavku [] []
[2017-10-30 08:56:27] my_logger.INFO: OrderController: /order - Pozadavek na objednavku [] []
[2017-10-30 21:31:15] my_logger.INFO: OrderController: /order - Pozadavek na objednavku [] []
[2017-10-30 21:31:15] my_logger.INFO: Objednavka vekoobchod [] []
[2017-10-30 21:31:15] my_logger.INFO: Vytvorena objednavka cislo 00000010 [] []
[2017-10-30 21:31:58] my_logger.INFO: OrderController: /order - Pozadavek na objednavku [] []
[2017-10-30 21:31:58] my_logger.INFO: Objednavka vekoobchod [] []
[2017-10-30 21:31:58] my_logger.INFO: Vytvorena objednavka cislo 00000010 [] []
[2017-10-30 21:32:12] my_logger.INFO: OrderController: /order - Pozadavek na objednavku [] []
[2017-10-30 21:32:12] my_logger.INFO: Objednavka vekoobchod [] []
[2017-10-30 21:32:12] my_logger.INFO: Vytvorena objednavka cislo 00000010 [] []
[2017-10-30 21:32:12] my_logger.INFO: VO 00000010 - nastaveny itemy celkem: Arraylength [] []
[2017-10-30 21:32:12] my_logger.INFO: VO 00000010 - nastaven uzivatel [] []
[2017-10-30 21:32:12] my_logger.INFO: VO 00000010 - nastaven zavoz [] []
[2017-10-30 21:53:27] my_logger.INFO: OrderController: /order - Pozadavek na objednavku [] []
[2017-10-30 21:53:27] my_logger.INFO: Objednavka vekoobchod [] []
[2017-10-30 21:54:02] my_logger.INFO: OrderController: /order - Pozadavek na objednavku [] []
[2017-10-30 21:54:02] my_logger.INFO: Objednavka vekoobchod [] []
[2017-10-30 21:54:02] my_logger.INFO: Vytvorena objednavka cislo 00000011 [] []
[2017-10-30 21:56:35] my_logger.INFO: OrderController: /order - Pozadavek na objednavku [] []
[2017-10-30 21:56:35] my_logger.INFO: Objednavka vekoobchod [] []
[2017-10-30 21:56:35] my_logger.INFO: Vytvorena objednavka cislo 00000012 [] []
[2017-10-30 21:56:59] my_logger.INFO: OrderController: /order - Pozadavek na objednavku [] []
[2017-10-30 21:56:59] my_logger.INFO: Objednavka vekoobchod [] []
[2017-10-30 21:56:59] my_logger.INFO: Vytvorena objednavka cislo 00000013 [] []
[2017-10-30 21:57:19] my_logger.INFO: OrderController: /order - Pozadavek na objednavku [] []
[2017-10-30 21:57:19] my_logger.INFO: Objednavka vekoobchod [] []
[2017-10-30 21:57:19] my_logger.INFO: Vytvorena objednavka cislo 00000014 [] []
[2017-10-30 21:59:55] my_logger.INFO: OrderController: /order - Pozadavek na objednavku [] []
[2017-10-30 21:59:55] my_logger.INFO: Objednavka vekoobchod [] []
[2017-10-30 21:59:55] my_logger.INFO: Vytvorena objednavka cislo 00000015 [] []
[2017-10-30 22:20:05] my_logger.INFO: OrderController: /order - Pozadavek na objednavku [] []
[2017-10-30 22:20:05] my_logger.INFO: Objednavka vekoobchod [] []
[2017-10-30 22:20:05] my_logger.INFO: Vytvorena objednavka cislo 00000016 [] []
[2017-10-31 12:41:42] my_logger.INFO: OrderController: /order - Pozadavek na objednavku [] []
[2017-10-31 12:41:42] my_logger.INFO: Objednavka vekoobchod [] []
[2017-10-31 12:41:42] my_logger.INFO: Vytvorena objednavka cislo 00000017 [] []
[2017-10-31 21:40:04] my_logger.INFO: OrderController: /order - Pozadavek na objednavku [] []
[2017-10-31 21:40:04] my_logger.INFO: Objednavka vekoobchod [] []
[2017-10-31 21:40:04] my_logger.INFO: Vytvorena objednavka cislo 00000018 [] []
[2017-10-31 22:24:15] my_logger.INFO: OrderController: /order - Pozadavek na objednavku [] []
[2017-10-31 22:24:15] my_logger.INFO: Objednavka vekoobchod [] []
[2017-10-31 22:24:15] my_logger.INFO: Vytvorena objednavka cislo 00000019 [] []
[2017-10-31 22:28:21] my_logger.INFO: OrderController: /order - Pozadavek na objednavku [] []
[2017-10-31 22:28:21] my_logger.INFO: Objednavka vekoobchod [] []
[2017-10-31 22:28:21] my_logger.INFO: Vytvorena objednavka cislo 00000020 [] []
[2017-10-31 22:30:44] my_logger.INFO: OrderController: /order - Pozadavek na objednavku [] []
[2017-10-31 22:30:44] my_logger.INFO: Objednavka vekoobchod [] []
[2017-10-31 22:30:44] my_logger.INFO: Vytvorena objednavka cislo 00000021 [] []
[2017-10-31 22:31:08] my_logger.INFO: OrderController: /order - Pozadavek na objednavku [] []
[2017-10-31 22:31:08] my_logger.INFO: Objednavka vekoobchod [] []
[2017-10-31 22:31:08] my_logger.INFO: Vytvorena objednavka cislo 00000022 [] []
[2017-10-31 22:33:13] my_logger.INFO: OrderController: /order - Pozadavek na objednavku [] []
[2017-10-31 22:33:13] my_logger.INFO: Objednavka vekoobchod [] []
[2017-10-31 22:33:13] my_logger.INFO: Vytvorena objednavka cislo 00000023 [] []
[2017-10-31 22:34:30] my_logger.INFO: OrderController: /order - Pozadavek na objednavku [] []
[2017-10-31 22:34:30] my_logger.INFO: Objednavka vekoobchod [] []
[2017-10-31 22:34:30] my_logger.INFO: Vytvorena objednavka cislo 00000024 [] []
[2017-10-31 22:37:48] my_logger.INFO: OrderController: /order - Pozadavek na objednavku [] []
[2017-10-31 22:37:48] my_logger.INFO: Objednavka vekoobchod [] []
[2017-10-31 22:37:48] my_logger.INFO: Vytvorena objednavka cislo 00000025 [] []
